<?xml version="1.0" encoding="UTF-8"?>
<testsuite name="CDOrganizerTest" tests="2" skipped="0" failures="0" errors="0" timestamp="2015-08-19T17:42:27" hostname="epicodus-113.local" time="0.001">
  <properties/>
  <testcase name="cDOrganizer_instantiatesCorrectly_true" classname="CDOrganizerTest" time="0.001"/>
  <testcase name="cDOrganizer_instantsWithalbumtitle_true" classname="CDOrganizerTest" time="0.0"/>
  <system-out><![CDATA[]]></system-out>
  <system-err><![CDATA[]]></system-err>
</testsuite>
