<?xml version="1.0" encoding="UTF-8"?>
<testsuite name="CDOrganizerTest" tests="5" skipped="0" failures="0" errors="0" timestamp="2015-08-19T20:30:57" hostname="epicodus-113.local" time="0.002">
  <properties/>
  <testcase name="cD_instantiatesWithArtistName_true" classname="CDOrganizerTest" time="0.001"/>
  <testcase name="cD_instantiatesCorrectly_true" classname="CDOrganizerTest" time="0.0"/>
  <testcase name="cD_instantsWithalbumtitle_true" classname="CDOrganizerTest" time="0.0"/>
  <testcase name="artists_instantiatesWithArtistName_true" classname="CDOrganizerTest" time="0.0"/>
  <testcase name="artists_instantiatesCorretly_true" classname="CDOrganizerTest" time="0.001"/>
  <system-out><![CDATA[]]></system-out>
  <system-err><![CDATA[]]></system-err>
</testsuite>
